2016-11-20 22:13:30.368  INFO 7204 --- [main] c.a.d.DummyApiApplicationTests           : Starting DummyApiApplicationTests on anuz-Inspiron-3420 with PID 7204 (started by anuz in /home/anuz/javaworkspace/DummyAPI)
2016-11-20 22:13:30.413  INFO 7204 --- [main] c.a.d.DummyApiApplicationTests           : No active profile set, falling back to default profiles: default
2016-11-20 22:13:30.927  INFO 7204 --- [main] o.s.w.c.s.GenericWebApplicationContext   : Refreshing org.springframework.web.context.support.GenericWebApplicationContext@71e9ebae: startup date [Sun Nov 20 22:13:30 NPT 2016]; root of context hierarchy
2016-11-20 22:13:57.793  INFO 7204 --- [main] trationDelegate$BeanPostProcessorChecker : Bean 'org.springframework.transaction.annotation.ProxyTransactionManagementConfiguration' of type [class org.springframework.transaction.annotation.ProxyTransactionManagementConfiguration$$EnhancerBySpringCGLIB$$e13dac9b] is not eligible for getting processed by all BeanPostProcessors (for example: not eligible for auto-proxying)
2016-11-20 22:13:58.994  INFO 7204 --- [main] o.s.j.d.DriverManagerDataSource          : Loaded JDBC driver: com.mysql.jdbc.Driver
2016-11-20 22:14:08.007  INFO 7204 --- [main] j.LocalContainerEntityManagerFactoryBean : Building JPA container EntityManagerFactory for persistence unit 'default'
2016-11-20 22:14:13.629  INFO 7204 --- [main] j.LocalContainerEntityManagerFactoryBean : Initialized JPA EntityManagerFactory for persistence unit 'default'
2016-11-20 22:14:18.338  INFO 7204 --- [main] s.w.s.m.m.a.RequestMappingHandlerAdapter : Looking for @ControllerAdvice: org.springframework.web.context.support.GenericWebApplicationContext@71e9ebae: startup date [Sun Nov 20 22:13:30 NPT 2016]; root of context hierarchy
2016-11-20 22:14:18.684  INFO 7204 --- [main] s.w.s.m.m.a.RequestMappingHandlerMapping : Mapped "{[/world],methods=[GET]}" onto public org.springframework.ui.ModelMap com.anuz.dummyapi.controller.DefaultController.index1()
2016-11-20 22:14:18.685  INFO 7204 --- [main] s.w.s.m.m.a.RequestMappingHandlerMapping : Mapped "{[/raceCondition],methods=[GET]}" onto public int com.anuz.dummyapi.controller.DefaultController.raceCondition()
2016-11-20 22:14:18.686  INFO 7204 --- [main] s.w.s.m.m.a.RequestMappingHandlerMapping : Mapped "{[/logTest],methods=[GET]}" onto public java.lang.String com.anuz.dummyapi.controller.DefaultController.logTest()
2016-11-20 22:14:18.686  INFO 7204 --- [main] s.w.s.m.m.a.RequestMappingHandlerMapping : Mapped "{[/hello],methods=[GET]}" onto public org.springframework.http.ResponseEntity com.anuz.dummyapi.controller.DefaultController.index()
2016-11-20 22:14:18.689  INFO 7204 --- [main] s.w.s.m.m.a.RequestMappingHandlerMapping : Mapped "{[/api/v1/users/{id}],methods=[GET]}" onto public com.anuz.dummyapi.entity.User com.anuz.dummyapi.controller.UserController.findOne(int)
2016-11-20 22:14:18.690  INFO 7204 --- [main] s.w.s.m.m.a.RequestMappingHandlerMapping : Mapped "{[/api/v1/users],methods=[GET]}" onto public java.util.List<com.anuz.dummyapi.entity.User> com.anuz.dummyapi.controller.UserController.allUsers()
2016-11-20 22:14:18.695  INFO 7204 --- [main] s.w.s.m.m.a.RequestMappingHandlerMapping : Mapped "{[/api/v1/users/delete/{id}],methods=[GET]}" onto public org.springframework.http.ResponseEntity com.anuz.dummyapi.controller.UserController.delete(int)
2016-11-20 22:14:18.696  INFO 7204 --- [main] s.w.s.m.m.a.RequestMappingHandlerMapping : Mapped "{[/api/v1/users/create],methods=[POST]}" onto public int com.anuz.dummyapi.controller.UserController.create(com.anuz.dummyapi.entity.User)
2016-11-20 22:14:18.702  INFO 7204 --- [main] s.w.s.m.m.a.RequestMappingHandlerMapping : Mapped "{[/error],produces=[text/html]}" onto public org.springframework.web.servlet.ModelAndView org.springframework.boot.autoconfigure.web.BasicErrorController.errorHtml(javax.servlet.http.HttpServletRequest,javax.servlet.http.HttpServletResponse)
2016-11-20 22:14:18.703  INFO 7204 --- [main] s.w.s.m.m.a.RequestMappingHandlerMapping : Mapped "{[/error]}" onto public org.springframework.http.ResponseEntity<java.util.Map<java.lang.String, java.lang.Object>> org.springframework.boot.autoconfigure.web.BasicErrorController.error(javax.servlet.http.HttpServletRequest)
2016-11-20 22:14:18.763  INFO 7204 --- [main] o.s.w.s.h.SimpleUrlHandlerMapping        : Mapped URL path [/webjars/**] onto handler of type [class org.springframework.web.servlet.resource.ResourceHttpRequestHandler]
2016-11-20 22:14:18.763  INFO 7204 --- [main] o.s.w.s.h.SimpleUrlHandlerMapping        : Mapped URL path [/**] onto handler of type [class org.springframework.web.servlet.resource.ResourceHttpRequestHandler]
2016-11-20 22:14:18.823  INFO 7204 --- [main] o.s.w.s.h.SimpleUrlHandlerMapping        : Mapped URL path [/**/favicon.ico] onto handler of type [class org.springframework.web.servlet.resource.ResourceHttpRequestHandler]
2016-11-20 22:14:19.668  INFO 7204 --- [main] c.a.d.DummyApiApplicationTests           : Started DummyApiApplicationTests in 51.655 seconds (JVM running for 68.917)
2016-11-20 22:14:20.078  INFO 7204 --- [Thread-1] o.s.w.c.s.GenericWebApplicationContext   : Closing org.springframework.web.context.support.GenericWebApplicationContext@71e9ebae: startup date [Sun Nov 20 22:13:30 NPT 2016]; root of context hierarchy
